<?xml version="1.0" encoding="UTF-8"?>
<!-- Generated by org.testng.reporters.JUnitReportReporter -->
<testsuite hostname="MacBook-Pro-cua-Pham-4.local" failures="0" tests="1" name="test.TestLoginPageSimple" time="8.108" errors="0" timestamp="2023-10-26T08:43:55 ICT" skipped="0">
  <testcase classname="test.TestLoginPageSimple" name="testLoginPage" time="8.108"/>
</testsuite> <!-- test.TestLoginPageSimple -->
